{"/Users/lcxfs1991/web/steamer/steamer-plugin/dist/index.js":{"path":"/Users/lcxfs1991/web/steamer/steamer-plugin/dist/index.js","s":{"1":1,"2":1,"3":1,"4":1,"5":1,"6":1,"7":9,"8":9,"9":9,"10":9,"11":0,"12":0,"13":2,"14":2,"15":1,"16":1,"17":1,"18":1,"19":0,"20":8,"21":6,"22":6,"23":6,"24":6,"25":6,"26":1,"27":5,"28":2,"29":2,"30":2,"31":2,"32":0,"33":2,"34":2,"35":1,"36":1,"37":1,"38":1,"39":0,"40":1,"41":1,"42":3,"43":3,"44":3,"45":3,"46":3,"47":3,"48":0,"49":3,"50":0,"51":0,"52":7,"53":7,"54":7,"55":6,"56":1,"57":6,"58":6,"59":1,"60":6,"61":8,"62":8,"63":8,"64":8,"65":8,"66":0,"67":0,"68":0,"69":0,"70":0,"71":0,"72":0,"73":0,"74":0,"75":0,"76":0,"77":0,"78":0,"79":0,"80":0,"81":0,"82":0,"83":0,"84":0,"85":0,"86":0,"87":0,"88":0,"89":0,"90":0,"91":0,"92":0,"93":0,"94":0,"95":0,"96":0,"97":0,"98":0,"99":0,"100":0,"101":0,"102":0,"103":0,"104":0,"105":0,"106":0,"107":0,"108":1},"b":{"1":[1,0],"2":[1,1],"3":[1,1],"4":[1,0],"5":[8,0],"6":[6,0],"7":[6,6],"8":[5,1],"9":[6,5],"10":[1,5],"11":[5,5],"12":[6,1],"13":[6,5],"14":[6,3],"15":[1,5],"16":[6,3],"17":[2,0],"18":[2,2],"19":[2,2],"20":[2,0],"21":[2,2],"22":[2,2],"23":[0,2],"24":[0,1],"25":[1,0],"26":[1,1],"27":[0,1],"28":[3,0],"29":[3,3],"30":[3,0],"31":[3,3],"32":[1,2],"33":[3,0],"34":[0,3],"35":[3,0],"36":[1,5],"37":[6,0],"38":[7,1],"39":[7,1],"40":[0,0],"41":[0,0],"42":[0,0],"43":[0,0],"44":[0,0],"45":[0,0],"46":[0,0],"47":[0,0],"48":[0,0],"49":[0,0],"50":[0,0],"51":[0,0],"52":[0,0],"53":[0,0],"54":[0,0],"55":[0,0],"56":[0,0]},"f":{"1":1,"2":9,"3":0,"4":0,"5":0,"6":2,"7":8,"8":6,"9":2,"10":1,"11":3,"12":7,"13":8,"14":0,"15":0,"16":0,"17":0,"18":0,"19":0,"20":0,"21":0,"22":0},"fnMap":{"1":{"name":"_interopRequireDefault","line":11,"loc":{"start":{"line":11,"column":0},"end":{"line":11,"column":37}}},"2":{"name":"(anonymous_2)","line":21,"loc":{"start":{"line":21,"column":12},"end":{"line":21,"column":15}}},"3":{"name":"(anonymous_3)","line":28,"loc":{"start":{"line":28,"column":5},"end":{"line":28,"column":8}}},"4":{"name":"(anonymous_4)","line":32,"loc":{"start":{"line":32,"column":5},"end":{"line":32,"column":8}}},"5":{"name":"(anonymous_5)","line":36,"loc":{"start":{"line":36,"column":8},"end":{"line":36,"column":11}}},"6":{"name":"(anonymous_6)","line":42,"loc":{"start":{"line":42,"column":17},"end":{"line":42,"column":20}}},"7":{"name":"(anonymous_7)","line":63,"loc":{"start":{"line":63,"column":14},"end":{"line":63,"column":17}}},"8":{"name":"(anonymous_8)","line":72,"loc":{"start":{"line":72,"column":13},"end":{"line":72,"column":16}}},"9":{"name":"(anonymous_9)","line":96,"loc":{"start":{"line":96,"column":11},"end":{"line":96,"column":14}}},"10":{"name":"(anonymous_10)","line":121,"loc":{"start":{"line":121,"column":18},"end":{"line":121,"column":21}}},"11":{"name":"(anonymous_11)","line":142,"loc":{"start":{"line":142,"column":20},"end":{"line":142,"column":23}}},"12":{"name":"(anonymous_12)","line":167,"loc":{"start":{"line":167,"column":10},"end":{"line":167,"column":21}}},"13":{"name":"(anonymous_13)","line":191,"loc":{"start":{"line":191,"column":11},"end":{"line":191,"column":38}}},"14":{"name":"(anonymous_14)","line":216,"loc":{"start":{"line":216,"column":4},"end":{"line":216,"column":10}}},"15":{"name":"(anonymous_15)","line":231,"loc":{"start":{"line":231,"column":6},"end":{"line":231,"column":12}}},"16":{"name":"(anonymous_16)","line":239,"loc":{"start":{"line":239,"column":5},"end":{"line":239,"column":11}}},"17":{"name":"(anonymous_17)","line":247,"loc":{"start":{"line":247,"column":5},"end":{"line":247,"column":11}}},"18":{"name":"(anonymous_18)","line":255,"loc":{"start":{"line":255,"column":8},"end":{"line":255,"column":14}}},"19":{"name":"(anonymous_19)","line":264,"loc":{"start":{"line":264,"column":11},"end":{"line":264,"column":24}}},"20":{"name":"(anonymous_20)","line":283,"loc":{"start":{"line":283,"column":9},"end":{"line":283,"column":17}}},"21":{"name":"(anonymous_21)","line":299,"loc":{"start":{"line":299,"column":11},"end":{"line":299,"column":30}}},"22":{"name":"(anonymous_22)","line":316,"loc":{"start":{"line":316,"column":12},"end":{"line":316,"column":22}}}},"statementMap":{"1":{"start":{"line":3,"column":0},"end":{"line":5,"column":3}},"2":{"start":{"line":7,"column":0},"end":{"line":7,"column":65}},"3":{"start":{"line":9,"column":0},"end":{"line":9,"column":53}},"4":{"start":{"line":11,"column":0},"end":{"line":11,"column":95}},"5":{"start":{"line":11,"column":39},"end":{"line":11,"column":93}},"6":{"start":{"line":13,"column":0},"end":{"line":18,"column":37}},"7":{"start":{"line":22,"column":2},"end":{"line":22,"column":15}},"8":{"start":{"line":23,"column":2},"end":{"line":23,"column":21}},"9":{"start":{"line":24,"column":2},"end":{"line":24,"column":13}},"10":{"start":{"line":25,"column":2},"end":{"line":25,"column":52}},"11":{"start":{"line":29,"column":2},"end":{"line":29,"column":48}},"12":{"start":{"line":33,"column":2},"end":{"line":33,"column":48}},"13":{"start":{"line":43,"column":2},"end":{"line":43,"column":24}},"14":{"start":{"line":45,"column":2},"end":{"line":47,"column":3}},"15":{"start":{"line":46,"column":3},"end":{"line":46,"column":24}},"16":{"start":{"line":49,"column":2},"end":{"line":49,"column":48}},"17":{"start":{"line":51,"column":2},"end":{"line":53,"column":3}},"18":{"start":{"line":52,"column":3},"end":{"line":52,"column":24}},"19":{"start":{"line":56,"column":2},"end":{"line":56,"column":14}},"20":{"start":{"line":64,"column":2},"end":{"line":64,"column":39}},"21":{"start":{"line":73,"column":2},"end":{"line":73,"column":86}},"22":{"start":{"line":74,"column":2},"end":{"line":74,"column":86}},"23":{"start":{"line":77,"column":2},"end":{"line":80,"column":44}},"24":{"start":{"line":82,"column":2},"end":{"line":82,"column":93}},"25":{"start":{"line":84,"column":2},"end":{"line":86,"column":3}},"26":{"start":{"line":85,"column":3},"end":{"line":85,"column":43}},"27":{"start":{"line":88,"column":2},"end":{"line":88,"column":48}},"28":{"start":{"line":97,"column":2},"end":{"line":97,"column":86}},"29":{"start":{"line":99,"column":2},"end":{"line":102,"column":42}},"30":{"start":{"line":104,"column":2},"end":{"line":105,"column":54}},"31":{"start":{"line":107,"column":2},"end":{"line":109,"column":3}},"32":{"start":{"line":108,"column":3},"end":{"line":108,"column":23}},"33":{"start":{"line":111,"column":2},"end":{"line":112,"column":52}},"34":{"start":{"line":114,"column":2},"end":{"line":114,"column":48}},"35":{"start":{"line":122,"column":2},"end":{"line":122,"column":86}},"36":{"start":{"line":124,"column":2},"end":{"line":124,"column":42}},"37":{"start":{"line":126,"column":2},"end":{"line":127,"column":54}},"38":{"start":{"line":129,"column":2},"end":{"line":131,"column":3}},"39":{"start":{"line":130,"column":3},"end":{"line":130,"column":23}},"40":{"start":{"line":133,"column":2},"end":{"line":134,"column":52}},"41":{"start":{"line":136,"column":2},"end":{"line":136,"column":48}},"42":{"start":{"line":143,"column":2},"end":{"line":143,"column":86}},"43":{"start":{"line":144,"column":2},"end":{"line":144,"column":87}},"44":{"start":{"line":146,"column":2},"end":{"line":147,"column":45}},"45":{"start":{"line":149,"column":2},"end":{"line":149,"column":60}},"46":{"start":{"line":151,"column":2},"end":{"line":159,"column":3}},"47":{"start":{"line":152,"column":3},"end":{"line":154,"column":4}},"48":{"start":{"line":153,"column":4},"end":{"line":153,"column":44}},"49":{"start":{"line":155,"column":3},"end":{"line":155,"column":52}},"50":{"start":{"line":157,"column":3},"end":{"line":157,"column":23}},"51":{"start":{"line":158,"column":3},"end":{"line":158,"column":11}},"52":{"start":{"line":168,"column":2},"end":{"line":168,"column":18}},"53":{"start":{"line":170,"column":2},"end":{"line":181,"column":3}},"54":{"start":{"line":172,"column":3},"end":{"line":172,"column":40}},"55":{"start":{"line":173,"column":3},"end":{"line":175,"column":4}},"56":{"start":{"line":174,"column":4},"end":{"line":174,"column":35}},"57":{"start":{"line":177,"column":3},"end":{"line":177,"column":36}},"58":{"start":{"line":178,"column":3},"end":{"line":178,"column":26}},"59":{"start":{"line":180,"column":3},"end":{"line":180,"column":17}},"60":{"start":{"line":183,"column":2},"end":{"line":183,"column":16}},"61":{"start":{"line":192,"column":2},"end":{"line":192,"column":41}},"62":{"start":{"line":193,"column":2},"end":{"line":200,"column":94}},"63":{"start":{"line":202,"column":2},"end":{"line":207,"column":3}},"64":{"start":{"line":203,"column":3},"end":{"line":203,"column":36}},"65":{"start":{"line":204,"column":3},"end":{"line":204,"column":53}},"66":{"start":{"line":206,"column":3},"end":{"line":206,"column":11}},"67":{"start":{"line":217,"column":2},"end":{"line":217,"column":90}},"68":{"start":{"line":219,"column":2},"end":{"line":219,"column":18}},"69":{"start":{"line":220,"column":2},"end":{"line":220,"column":62}},"70":{"start":{"line":221,"column":2},"end":{"line":221,"column":30}},"71":{"start":{"line":223,"column":2},"end":{"line":223,"column":20}},"72":{"start":{"line":224,"column":2},"end":{"line":224,"column":13}},"73":{"start":{"line":232,"column":2},"end":{"line":232,"column":23}},"74":{"start":{"line":240,"column":2},"end":{"line":240,"column":24}},"75":{"start":{"line":248,"column":2},"end":{"line":248,"column":26}},"76":{"start":{"line":256,"column":2},"end":{"line":256,"column":25}},"77":{"start":{"line":265,"column":2},"end":{"line":269,"column":44}},"78":{"start":{"line":271,"column":2},"end":{"line":271,"column":59}},"79":{"start":{"line":273,"column":2},"end":{"line":273,"column":33}},"80":{"start":{"line":275,"column":2},"end":{"line":275,"column":30}},"81":{"start":{"line":284,"column":2},"end":{"line":286,"column":44}},"82":{"start":{"line":288,"column":2},"end":{"line":288,"column":28}},"83":{"start":{"line":290,"column":2},"end":{"line":290,"column":30}},"84":{"start":{"line":300,"column":2},"end":{"line":301,"column":66}},"85":{"start":{"line":303,"column":2},"end":{"line":303,"column":56}},"86":{"start":{"line":304,"column":2},"end":{"line":304,"column":17}},"87":{"start":{"line":317,"column":2},"end":{"line":317,"column":30}},"88":{"start":{"line":319,"column":2},"end":{"line":320,"column":26}},"89":{"start":{"line":322,"column":2},"end":{"line":322,"column":39}},"90":{"start":{"line":324,"column":2},"end":{"line":341,"column":5}},"91":{"start":{"line":325,"column":3},"end":{"line":327,"column":32}},"92":{"start":{"line":329,"column":3},"end":{"line":329,"column":31}},"93":{"start":{"line":331,"column":3},"end":{"line":331,"column":37}},"94":{"start":{"line":332,"column":3},"end":{"line":332,"column":35}},"95":{"start":{"line":334,"column":3},"end":{"line":334,"column":18}},"96":{"start":{"line":336,"column":3},"end":{"line":336,"column":27}},"97":{"start":{"line":338,"column":3},"end":{"line":338,"column":73}},"98":{"start":{"line":340,"column":3},"end":{"line":340,"column":15}},"99":{"start":{"line":343,"column":2},"end":{"line":351,"column":5}},"100":{"start":{"line":344,"column":3},"end":{"line":344,"column":32}},"101":{"start":{"line":346,"column":3},"end":{"line":346,"column":52}},"102":{"start":{"line":348,"column":3},"end":{"line":348,"column":40}},"103":{"start":{"line":350,"column":3},"end":{"line":350,"column":15}},"104":{"start":{"line":353,"column":2},"end":{"line":357,"column":5}},"105":{"start":{"line":354,"column":3},"end":{"line":354,"column":39}},"106":{"start":{"line":356,"column":3},"end":{"line":356,"column":19}},"107":{"start":{"line":359,"column":2},"end":{"line":359,"column":17}},"108":{"start":{"line":361,"column":1},"end":{"line":361,"column":33}}},"branchMap":{"1":{"line":11,"type":"cond-expr","locations":[{"start":{"line":11,"column":70},"end":{"line":11,"column":73}},{"start":{"line":11,"column":76},"end":{"line":11,"column":92}}]},"2":{"line":11,"type":"binary-expr","locations":[{"start":{"line":11,"column":46},"end":{"line":11,"column":49}},{"start":{"line":11,"column":53},"end":{"line":11,"column":67}}]},"3":{"line":45,"type":"if","locations":[{"start":{"line":45,"column":2},"end":{"line":45,"column":2}},{"start":{"line":45,"column":2},"end":{"line":45,"column":2}}]},"4":{"line":51,"type":"if","locations":[{"start":{"line":51,"column":2},"end":{"line":51,"column":2}},{"start":{"line":51,"column":2},"end":{"line":51,"column":2}}]},"5":{"line":64,"type":"binary-expr","locations":[{"start":{"line":64,"column":9},"end":{"line":64,"column":21}},{"start":{"line":64,"column":25},"end":{"line":64,"column":38}}]},"6":{"line":73,"type":"cond-expr","locations":[{"start":{"line":73,"column":68},"end":{"line":73,"column":80}},{"start":{"line":73,"column":83},"end":{"line":73,"column":85}}]},"7":{"line":73,"type":"binary-expr","locations":[{"start":{"line":73,"column":15},"end":{"line":73,"column":35}},{"start":{"line":73,"column":39},"end":{"line":73,"column":65}}]},"8":{"line":74,"type":"cond-expr","locations":[{"start":{"line":74,"column":68},"end":{"line":74,"column":80}},{"start":{"line":74,"column":83},"end":{"line":74,"column":85}}]},"9":{"line":74,"type":"binary-expr","locations":[{"start":{"line":74,"column":15},"end":{"line":74,"column":35}},{"start":{"line":74,"column":39},"end":{"line":74,"column":65}}]},"10":{"line":77,"type":"cond-expr","locations":[{"start":{"line":77,"column":33},"end":{"line":77,"column":53}},{"start":{"line":77,"column":56},"end":{"line":77,"column":86}}]},"11":{"line":77,"type":"binary-expr","locations":[{"start":{"line":77,"column":56},"end":{"line":77,"column":69}},{"start":{"line":77,"column":73},"end":{"line":77,"column":86}}]},"12":{"line":78,"type":"binary-expr","locations":[{"start":{"line":78,"column":17},"end":{"line":78,"column":32}},{"start":{"line":78,"column":36},"end":{"line":78,"column":51}}]},"13":{"line":79,"type":"binary-expr","locations":[{"start":{"line":79,"column":18},"end":{"line":79,"column":34}},{"start":{"line":79,"column":38},"end":{"line":79,"column":42}}]},"14":{"line":80,"type":"binary-expr","locations":[{"start":{"line":80,"column":18},"end":{"line":80,"column":34}},{"start":{"line":80,"column":38},"end":{"line":80,"column":43}}]},"15":{"line":84,"type":"if","locations":[{"start":{"line":84,"column":2},"end":{"line":84,"column":2}},{"start":{"line":84,"column":2},"end":{"line":84,"column":2}}]},"16":{"line":84,"type":"binary-expr","locations":[{"start":{"line":84,"column":6},"end":{"line":84,"column":16}},{"start":{"line":84,"column":20},"end":{"line":84,"column":50}}]},"17":{"line":97,"type":"cond-expr","locations":[{"start":{"line":97,"column":68},"end":{"line":97,"column":80}},{"start":{"line":97,"column":83},"end":{"line":97,"column":85}}]},"18":{"line":97,"type":"binary-expr","locations":[{"start":{"line":97,"column":15},"end":{"line":97,"column":35}},{"start":{"line":97,"column":39},"end":{"line":97,"column":65}}]},"19":{"line":99,"type":"binary-expr","locations":[{"start":{"line":99,"column":15},"end":{"line":99,"column":28}},{"start":{"line":99,"column":32},"end":{"line":99,"column":45}}]},"20":{"line":100,"type":"binary-expr","locations":[{"start":{"line":100,"column":17},"end":{"line":100,"column":32}},{"start":{"line":100,"column":36},"end":{"line":100,"column":51}}]},"21":{"line":101,"type":"binary-expr","locations":[{"start":{"line":101,"column":18},"end":{"line":101,"column":34}},{"start":{"line":101,"column":38},"end":{"line":101,"column":42}}]},"22":{"line":102,"type":"binary-expr","locations":[{"start":{"line":102,"column":17},"end":{"line":102,"column":32}},{"start":{"line":102,"column":36},"end":{"line":102,"column":41}}]},"23":{"line":107,"type":"if","locations":[{"start":{"line":107,"column":2},"end":{"line":107,"column":2}},{"start":{"line":107,"column":2},"end":{"line":107,"column":2}}]},"24":{"line":122,"type":"cond-expr","locations":[{"start":{"line":122,"column":68},"end":{"line":122,"column":80}},{"start":{"line":122,"column":83},"end":{"line":122,"column":85}}]},"25":{"line":122,"type":"binary-expr","locations":[{"start":{"line":122,"column":15},"end":{"line":122,"column":35}},{"start":{"line":122,"column":39},"end":{"line":122,"column":65}}]},"26":{"line":124,"type":"binary-expr","locations":[{"start":{"line":124,"column":17},"end":{"line":124,"column":32}},{"start":{"line":124,"column":36},"end":{"line":124,"column":41}}]},"27":{"line":129,"type":"if","locations":[{"start":{"line":129,"column":2},"end":{"line":129,"column":2}},{"start":{"line":129,"column":2},"end":{"line":129,"column":2}}]},"28":{"line":143,"type":"cond-expr","locations":[{"start":{"line":143,"column":68},"end":{"line":143,"column":80}},{"start":{"line":143,"column":83},"end":{"line":143,"column":85}}]},"29":{"line":143,"type":"binary-expr","locations":[{"start":{"line":143,"column":15},"end":{"line":143,"column":35}},{"start":{"line":143,"column":39},"end":{"line":143,"column":65}}]},"30":{"line":144,"type":"cond-expr","locations":[{"start":{"line":144,"column":69},"end":{"line":144,"column":81}},{"start":{"line":144,"column":84},"end":{"line":144,"column":86}}]},"31":{"line":144,"type":"binary-expr","locations":[{"start":{"line":144,"column":16},"end":{"line":144,"column":36}},{"start":{"line":144,"column":40},"end":{"line":144,"column":66}}]},"32":{"line":146,"type":"cond-expr","locations":[{"start":{"line":146,"column":34},"end":{"line":146,"column":54}},{"start":{"line":146,"column":57},"end":{"line":146,"column":70}}]},"33":{"line":147,"type":"binary-expr","locations":[{"start":{"line":147,"column":18},"end":{"line":147,"column":35}},{"start":{"line":147,"column":39},"end":{"line":147,"column":44}}]},"34":{"line":152,"type":"if","locations":[{"start":{"line":152,"column":3},"end":{"line":152,"column":3}},{"start":{"line":152,"column":3},"end":{"line":152,"column":3}}]},"35":{"line":152,"type":"binary-expr","locations":[{"start":{"line":152,"column":7},"end":{"line":152,"column":17}},{"start":{"line":152,"column":21},"end":{"line":152,"column":51}}]},"36":{"line":173,"type":"if","locations":[{"start":{"line":173,"column":3},"end":{"line":173,"column":3}},{"start":{"line":173,"column":3},"end":{"line":173,"column":3}}]},"37":{"line":177,"type":"binary-expr","locations":[{"start":{"line":177,"column":12},"end":{"line":177,"column":29}},{"start":{"line":177,"column":33},"end":{"line":177,"column":35}}]},"38":{"line":198,"type":"cond-expr","locations":[{"start":{"line":198,"column":29},"end":{"line":198,"column":48}},{"start":{"line":198,"column":51},"end":{"line":198,"column":53}}]},"39":{"line":199,"type":"cond-expr","locations":[{"start":{"line":199,"column":30},"end":{"line":199,"column":33}},{"start":{"line":199,"column":36},"end":{"line":199,"column":38}}]},"40":{"line":217,"type":"cond-expr","locations":[{"start":{"line":217,"column":67},"end":{"line":217,"column":79}},{"start":{"line":217,"column":82},"end":{"line":217,"column":89}}]},"41":{"line":217,"type":"binary-expr","locations":[{"start":{"line":217,"column":14},"end":{"line":217,"column":34}},{"start":{"line":217,"column":38},"end":{"line":217,"column":64}}]},"42":{"line":219,"type":"binary-expr","locations":[{"start":{"line":219,"column":8},"end":{"line":219,"column":11}},{"start":{"line":219,"column":15},"end":{"line":219,"column":17}}]},"43":{"line":220,"type":"cond-expr","locations":[{"start":{"line":220,"column":26},"end":{"line":220,"column":55}},{"start":{"line":220,"column":58},"end":{"line":220,"column":61}}]},"44":{"line":266,"type":"binary-expr","locations":[{"start":{"line":266,"column":14},"end":{"line":266,"column":19}},{"start":{"line":266,"column":23},"end":{"line":266,"column":30}}]},"45":{"line":269,"type":"binary-expr","locations":[{"start":{"line":269,"column":15},"end":{"line":269,"column":37}},{"start":{"line":269,"column":41},"end":{"line":269,"column":43}}]},"46":{"line":285,"type":"binary-expr","locations":[{"start":{"line":285,"column":14},"end":{"line":285,"column":19}},{"start":{"line":285,"column":23},"end":{"line":285,"column":30}}]},"47":{"line":286,"type":"binary-expr","locations":[{"start":{"line":286,"column":15},"end":{"line":286,"column":37}},{"start":{"line":286,"column":41},"end":{"line":286,"column":43}}]},"48":{"line":301,"type":"binary-expr","locations":[{"start":{"line":301,"column":12},"end":{"line":301,"column":15}},{"start":{"line":301,"column":19},"end":{"line":301,"column":65}}]},"49":{"line":317,"type":"binary-expr","locations":[{"start":{"line":317,"column":16},"end":{"line":317,"column":23}},{"start":{"line":317,"column":27},"end":{"line":317,"column":29}}]},"50":{"line":319,"type":"binary-expr","locations":[{"start":{"line":319,"column":19},"end":{"line":319,"column":41}},{"start":{"line":319,"column":45},"end":{"line":319,"column":47}}]},"51":{"line":325,"type":"binary-expr","locations":[{"start":{"line":325,"column":16},"end":{"line":325,"column":27}},{"start":{"line":325,"column":31},"end":{"line":325,"column":33}}]},"52":{"line":326,"type":"binary-expr","locations":[{"start":{"line":326,"column":15},"end":{"line":326,"column":25}},{"start":{"line":326,"column":29},"end":{"line":326,"column":31}}]},"53":{"line":327,"type":"binary-expr","locations":[{"start":{"line":327,"column":15},"end":{"line":327,"column":25}},{"start":{"line":327,"column":29},"end":{"line":327,"column":31}}]},"54":{"line":331,"type":"cond-expr","locations":[{"start":{"line":331,"column":18},"end":{"line":331,"column":31}},{"start":{"line":331,"column":34},"end":{"line":331,"column":36}}]},"55":{"line":332,"type":"cond-expr","locations":[{"start":{"line":332,"column":18},"end":{"line":332,"column":29}},{"start":{"line":332,"column":32},"end":{"line":332,"column":34}}]},"56":{"line":338,"type":"cond-expr","locations":[{"start":{"line":338,"column":48},"end":{"line":338,"column":54}},{"start":{"line":338,"column":57},"end":{"line":338,"column":72}}]}}}}