TN:
SF:/Users/lcxfs1991/web/steamer/steamer-plugin/dist/index.js
FN:11,_interopRequireDefault
FN:21,(anonymous_2)
FN:28,(anonymous_3)
FN:32,(anonymous_4)
FN:36,(anonymous_5)
FN:42,(anonymous_6)
FN:63,(anonymous_7)
FN:72,(anonymous_8)
FN:96,(anonymous_9)
FN:121,(anonymous_10)
FN:142,(anonymous_11)
FN:167,(anonymous_12)
FN:191,(anonymous_13)
FN:216,(anonymous_14)
FN:231,(anonymous_15)
FN:239,(anonymous_16)
FN:247,(anonymous_17)
FN:255,(anonymous_18)
FN:264,(anonymous_19)
FN:283,(anonymous_20)
FN:299,(anonymous_21)
FN:316,(anonymous_22)
FNF:22
FNH:10
FNDA:1,_interopRequireDefault
FNDA:9,(anonymous_2)
FNDA:0,(anonymous_3)
FNDA:0,(anonymous_4)
FNDA:0,(anonymous_5)
FNDA:2,(anonymous_6)
FNDA:8,(anonymous_7)
FNDA:6,(anonymous_8)
FNDA:2,(anonymous_9)
FNDA:1,(anonymous_10)
FNDA:3,(anonymous_11)
FNDA:7,(anonymous_12)
FNDA:8,(anonymous_13)
FNDA:0,(anonymous_14)
FNDA:0,(anonymous_15)
FNDA:0,(anonymous_16)
FNDA:0,(anonymous_17)
FNDA:0,(anonymous_18)
FNDA:0,(anonymous_19)
FNDA:0,(anonymous_20)
FNDA:0,(anonymous_21)
FNDA:0,(anonymous_22)
DA:3,1
DA:7,1
DA:9,1
DA:11,1
DA:13,1
DA:22,9
DA:23,9
DA:24,9
DA:25,9
DA:29,0
DA:33,0
DA:43,2
DA:45,2
DA:46,1
DA:49,1
DA:51,1
DA:52,1
DA:56,0
DA:64,8
DA:73,6
DA:74,6
DA:77,6
DA:82,6
DA:84,6
DA:85,1
DA:88,5
DA:97,2
DA:99,2
DA:104,2
DA:107,2
DA:108,0
DA:111,2
DA:114,2
DA:122,1
DA:124,1
DA:126,1
DA:129,1
DA:130,0
DA:133,1
DA:136,1
DA:143,3
DA:144,3
DA:146,3
DA:149,3
DA:151,3
DA:152,3
DA:153,0
DA:155,3
DA:157,0
DA:158,0
DA:168,7
DA:170,7
DA:172,7
DA:173,6
DA:174,1
DA:177,6
DA:178,6
DA:180,1
DA:183,6
DA:192,8
DA:193,8
DA:202,8
DA:203,8
DA:204,8
DA:206,0
DA:217,0
DA:219,0
DA:220,0
DA:221,0
DA:223,0
DA:224,0
DA:232,0
DA:240,0
DA:248,0
DA:256,0
DA:265,0
DA:271,0
DA:273,0
DA:275,0
DA:284,0
DA:288,0
DA:290,0
DA:300,0
DA:303,0
DA:304,0
DA:317,0
DA:319,0
DA:322,0
DA:324,0
DA:325,0
DA:329,0
DA:331,0
DA:332,0
DA:334,0
DA:336,0
DA:338,0
DA:340,0
DA:343,0
DA:344,0
DA:346,0
DA:348,0
DA:350,0
DA:353,0
DA:354,0
DA:356,0
DA:359,0
DA:361,1
LF:107
LH:57
BRDA:11,1,0,1
BRDA:11,1,1,0
BRDA:11,2,0,1
BRDA:11,2,1,1
BRDA:45,3,0,1
BRDA:45,3,1,1
BRDA:51,4,0,1
BRDA:51,4,1,0
BRDA:64,5,0,8
BRDA:64,5,1,0
BRDA:73,6,0,6
BRDA:73,6,1,0
BRDA:73,7,0,6
BRDA:73,7,1,6
BRDA:74,8,0,5
BRDA:74,8,1,1
BRDA:74,9,0,6
BRDA:74,9,1,5
BRDA:77,10,0,1
BRDA:77,10,1,5
BRDA:77,11,0,5
BRDA:77,11,1,5
BRDA:78,12,0,6
BRDA:78,12,1,1
BRDA:79,13,0,6
BRDA:79,13,1,5
BRDA:80,14,0,6
BRDA:80,14,1,3
BRDA:84,15,0,1
BRDA:84,15,1,5
BRDA:84,16,0,6
BRDA:84,16,1,3
BRDA:97,17,0,2
BRDA:97,17,1,0
BRDA:97,18,0,2
BRDA:97,18,1,2
BRDA:99,19,0,2
BRDA:99,19,1,2
BRDA:100,20,0,2
BRDA:100,20,1,0
BRDA:101,21,0,2
BRDA:101,21,1,2
BRDA:102,22,0,2
BRDA:102,22,1,2
BRDA:107,23,0,0
BRDA:107,23,1,2
BRDA:122,24,0,0
BRDA:122,24,1,1
BRDA:122,25,0,1
BRDA:122,25,1,0
BRDA:124,26,0,1
BRDA:124,26,1,1
BRDA:129,27,0,0
BRDA:129,27,1,1
BRDA:143,28,0,3
BRDA:143,28,1,0
BRDA:143,29,0,3
BRDA:143,29,1,3
BRDA:144,30,0,3
BRDA:144,30,1,0
BRDA:144,31,0,3
BRDA:144,31,1,3
BRDA:146,32,0,1
BRDA:146,32,1,2
BRDA:147,33,0,3
BRDA:147,33,1,0
BRDA:152,34,0,0
BRDA:152,34,1,3
BRDA:152,35,0,3
BRDA:152,35,1,0
BRDA:173,36,0,1
BRDA:173,36,1,5
BRDA:177,37,0,6
BRDA:177,37,1,0
BRDA:198,38,0,7
BRDA:198,38,1,1
BRDA:199,39,0,7
BRDA:199,39,1,1
BRDA:217,40,0,0
BRDA:217,40,1,0
BRDA:217,41,0,0
BRDA:217,41,1,0
BRDA:219,42,0,0
BRDA:219,42,1,0
BRDA:220,43,0,0
BRDA:220,43,1,0
BRDA:266,44,0,0
BRDA:266,44,1,0
BRDA:269,45,0,0
BRDA:269,45,1,0
BRDA:285,46,0,0
BRDA:285,46,1,0
BRDA:286,47,0,0
BRDA:286,47,1,0
BRDA:301,48,0,0
BRDA:301,48,1,0
BRDA:317,49,0,0
BRDA:317,49,1,0
BRDA:319,50,0,0
BRDA:319,50,1,0
BRDA:325,51,0,0
BRDA:325,51,1,0
BRDA:326,52,0,0
BRDA:326,52,1,0
BRDA:327,53,0,0
BRDA:327,53,1,0
BRDA:331,54,0,0
BRDA:331,54,1,0
BRDA:332,55,0,0
BRDA:332,55,1,0
BRDA:338,56,0,0
BRDA:338,56,1,0
BRF:112
BRH:62
end_of_record
